<?xml version="1.0" encoding="UTF-8"?>
<testng-results ignored="0" total="1" passed="1" failed="0" skipped="0">
  <reporter-output>
  </reporter-output>
  <suite started-at="2024-08-25T22:34:26 IST" name="Default suite" finished-at="2024-08-25T22:35:00 IST" duration-ms="33423">
    <groups>
    </groups>
    <test started-at="2024-08-25T22:34:26 IST" name="Default test" finished-at="2024-08-25T22:35:00 IST" duration-ms="33423">
      <class name="TestCases.TC03_HotelBook">
        <test-method is-config="true" signature="setup()[pri:0, instance:TestCases.TC03_HotelBook@674bd420]" started-at="2024-08-25T22:34:26 IST" name="setup" finished-at="2024-08-25T22:34:51 IST" duration-ms="25090" status="PASS">
          <reporter-output>
          </reporter-output>
        </test-method> <!-- setup -->
        <test-method signature="BookHotel()[pri:0, instance:TestCases.TC03_HotelBook@674bd420]" started-at="2024-08-25T22:34:51 IST" name="BookHotel" finished-at="2024-08-25T22:35:00 IST" duration-ms="8235" status="PASS">
          <reporter-output>
          </reporter-output>
        </test-method> <!-- BookHotel -->
        <test-method is-config="true" signature="tearDown()[pri:0, instance:TestCases.TC03_HotelBook@674bd420]" started-at="2024-08-25T22:35:00 IST" name="tearDown" finished-at="2024-08-25T22:35:00 IST" duration-ms="1" status="PASS">
          <reporter-output>
          </reporter-output>
        </test-method> <!-- tearDown -->
      </class> <!-- TestCases.TC03_HotelBook -->
    </test> <!-- Default test -->
  </suite> <!-- Default suite -->
</testng-results>
